<?xml version="1.0" encoding="UTF-8"?>
<testng-results ignored="0" total="3" passed="3" failed="0" skipped="0">
  <reporter-output>
  </reporter-output>
  <suite started-at="2025-06-27T13:27:25 IST" name="Default suite" finished-at="2025-06-27T13:28:12 IST" duration-ms="47120">
    <groups>
    </groups>
    <test started-at="2025-06-27T13:27:25 IST" name="Default test" finished-at="2025-06-27T13:28:12 IST" duration-ms="47120">
      <class name="org.TestDemo_Automation.Demo_Test_Automatiom_1">
        <test-method signature="Login()[pri:0, instance:org.TestDemo_Automation.Demo_Test_Automatiom_1@10e41621]" started-at="2025-06-27T13:27:25 IST" name="Login" finished-at="2025-06-27T13:27:48 IST" duration-ms="22548" status="PASS">
          <reporter-output>
          </reporter-output>
        </test-method> <!-- Login -->
        <test-method signature="create_customer()[pri:0, instance:org.TestDemo_Automation.Demo_Test_Automatiom_1@10e41621]" started-at="2025-06-27T13:27:48 IST" name="create_customer" finished-at="2025-06-27T13:28:05 IST" duration-ms="17388" status="PASS">
          <reporter-output>
          </reporter-output>
        </test-method> <!-- create_customer -->
        <test-method signature="delete_customer()[pri:0, instance:org.TestDemo_Automation.Demo_Test_Automatiom_1@10e41621]" started-at="2025-06-27T13:28:05 IST" name="delete_customer" finished-at="2025-06-27T13:28:12 IST" duration-ms="7146" status="PASS">
          <reporter-output>
          </reporter-output>
        </test-method> <!-- delete_customer -->
      </class> <!-- org.TestDemo_Automation.Demo_Test_Automatiom_1 -->
    </test> <!-- Default test -->
  </suite> <!-- Default suite -->
</testng-results>
