<?xml version="1.0" encoding="UTF-8"?>
<testng-results ignored="0" total="3" passed="3" failed="0" skipped="0">
  <reporter-output>
  </reporter-output>
  <suite started-at="2025-06-27T17:21:44 IST" name="Automation Suite" finished-at="2025-06-27T17:22:21 IST" duration-ms="37495">
    <groups>
    </groups>
    <test started-at="2025-06-27T17:21:44 IST" name="Login and Customer Test" finished-at="2025-06-27T17:22:21 IST" duration-ms="37495">
      <class name="org.TestDemo_Automation.Demo_Test_Automatiom_1">
        <test-method is-config="true" signature="setup()[pri:0, instance:org.TestDemo_Automation.Demo_Test_Automatiom_1@1080b026]" started-at="2025-06-27T17:21:44 IST" name="setup" finished-at="2025-06-27T17:21:47 IST" duration-ms="2941" status="PASS">
          <reporter-output>
          </reporter-output>
        </test-method> <!-- setup -->
        <test-method signature="login()[pri:1, instance:org.TestDemo_Automation.Demo_Test_Automatiom_1@1080b026]" started-at="2025-06-27T17:21:47 IST" name="login" finished-at="2025-06-27T17:21:58 IST" duration-ms="11251" status="PASS">
          <reporter-output>
          </reporter-output>
        </test-method> <!-- login -->
        <test-method signature="create_customer()[pri:2, instance:org.TestDemo_Automation.Demo_Test_Automatiom_1@1080b026]" started-at="2025-06-27T17:21:58 IST" name="create_customer" finished-at="2025-06-27T17:22:14 IST" duration-ms="15269" status="PASS">
          <reporter-output>
          </reporter-output>
        </test-method> <!-- create_customer -->
        <test-method signature="delete_customer()[pri:3, instance:org.TestDemo_Automation.Demo_Test_Automatiom_1@1080b026]" started-at="2025-06-27T17:22:14 IST" name="delete_customer" finished-at="2025-06-27T17:22:21 IST" duration-ms="7145" status="PASS">
          <reporter-output>
          </reporter-output>
        </test-method> <!-- delete_customer -->
        <test-method is-config="true" signature="tearDown()[pri:0, instance:org.TestDemo_Automation.Demo_Test_Automatiom_1@1080b026]" started-at="2025-06-27T17:22:21 IST" name="tearDown" finished-at="2025-06-27T17:22:21 IST" duration-ms="590" status="PASS">
          <reporter-output>
          </reporter-output>
        </test-method> <!-- tearDown -->
      </class> <!-- org.TestDemo_Automation.Demo_Test_Automatiom_1 -->
    </test> <!-- Login and Customer Test -->
  </suite> <!-- Automation Suite -->
</testng-results>
