<?xml version="1.0" encoding="UTF-8"?>
<!-- Generated by org.testng.reporters.JUnitXMLReporter -->
<testsuite ignored="0" hostname="LAPTOP-0VMGE6A8" failures="0" tests="3" name="Login and Customer Test" time="37.495" errors="0" timestamp="2025-06-27T17:22:22 IST">
  <testcase classname="org.TestDemo_Automation.Demo_Test_Automatiom_1" name="login" time="11.251"/>
  <testcase classname="org.TestDemo_Automation.Demo_Test_Automatiom_1" name="create_customer" time="15.269"/>
  <testcase classname="org.TestDemo_Automation.Demo_Test_Automatiom_1" name="delete_customer" time="7.145"/>
</testsuite> <!-- Login and Customer Test -->
