<?xml version="1.0" encoding="UTF-8"?>
<!-- Generated by org.testng.reporters.JUnitXMLReporter -->
<testsuite ignored="0" hostname="LAPTOP-0VMGE6A8" failures="0" tests="3" name="Default test" time="40.559" errors="0" timestamp="2025-06-27T12:08:03 IST">
  <testcase classname="org.TestDemo.Demo1" name="login" time="25.997"/>
  <testcase classname="org.TestDemo.Demo1" name="create_customer" time="7.902"/>
  <testcase classname="org.TestDemo.Demo1" name="delete_customer" time="6.619"/>
</testsuite> <!-- Default test -->
