<?xml version="1.0" encoding="UTF-8"?>
<!-- Generated by org.testng.reporters.JUnitXMLReporter -->
<testsuite ignored="0" hostname="LAPTOP-0VMGE6A8" failures="0" tests="3" name="Default test" time="47.12" errors="0" timestamp="2025-06-27T13:28:12 IST">
  <testcase classname="org.TestDemo_Automation.Demo_Test_Automatiom_1" name="Login" time="22.548"/>
  <testcase classname="org.TestDemo_Automation.Demo_Test_Automatiom_1" name="create_customer" time="17.388"/>
  <testcase classname="org.TestDemo_Automation.Demo_Test_Automatiom_1" name="delete_customer" time="7.146"/>
</testsuite> <!-- Default test -->
