<?xml version="1.0" encoding="UTF-8"?>
<!-- Generated by org.testng.reporters.JUnitXMLReporter -->
<testsuite ignored="0" hostname="LAPTOP-0VMGE6A8" failures="0" tests="3" name="Test" time="47.846" errors="0" timestamp="2025-06-27T13:26:58 IST">
  <testcase classname="org.TestDemo_Automation.Demo_Test_Automatiom_1" name="Login" time="28.411"/>
  <testcase classname="org.TestDemo_Automation.Demo_Test_Automatiom_1" name="create_customer" time="12.269"/>
  <testcase classname="org.TestDemo_Automation.Demo_Test_Automatiom_1" name="delete_customer" time="7.12"/>
</testsuite> <!-- Test -->
